{"devicePlatform":"","logFolder":"C:\\Users\\DELLINSPIRON\\Katalon Studio\\automationweb\\Reports\\Test1\\20190202_143127","runData":{"hostName":"DELLINSPIRON - DESKTOP-7TAC9CC","os":"Windows 10 64bit","katalonVersion":"5.6.0.1","browser":"Chrome 71.0.3578.98","hostAddress":"192.168.43.76","sessionId":"78aee6a8eda969e0cb72197a64008f0c","seleniumVersion":"3.7.1","proxyInformation":"ProxyInformation{proxyOption\u003dNO_PROXY, proxyServerType\u003dHTTP, password\u003d, proxyServerAddress\u003d, proxyServerPort\u003d0}","platform":"Windows 10"},"type":"TEST_SUITE","name":"Test1","id":"Test Suites/Test1","source":"","message":"Test Cases/Browse FAILED because (of) Variable \u0027Keys\u0027 is not defined for test case.","description":"","startTime":1549092691260,"endTime":1549092720837,"childRecords":[{"isOptional":false,"type":"TEST_CASE","name":"Test Cases/Login","id":"Test Cases/Login","source":"C:\\\\Users\\\\DELLINSPIRON\\\\Katalon Studio\\\\automationweb\\\\Test Cases\\\\Login.tc","message":"Test Cases/Login","description":"","startTime":1549092692002,"endTime":1549092718854,"childRecords":[{"testStatus":{"stackTrace":"","statusValue":"INFO"},"type":"MESSAGE","name":"","message":"Evaluating variables for test case","startTime":1549092692085,"endTime":0,"childRecords":[],"interuppted":false},{"index":1,"isIgnoredIfFailed":false,"type":"TEST_STEP","name":"openBrowser","message":"Browser is opened with url: \u0027\u0027","description":"","startTime":1549092692743,"endTime":1549092699077,"childRecords":[{"testStatus":{"stackTrace":"","statusValue":"PASSED"},"type":"MESSAGE","name":"","message":"Browser is opened with url: \u0027\u0027","startTime":1549092699077,"endTime":0,"childRecords":[],"interuppted":false}],"interuppted":false},{"index":2,"isIgnoredIfFailed":false,"type":"TEST_STEP","name":"navigateToUrl","message":"Navigate to \u0027http://automationpractice.com/index.php\u0027 successfully","description":"","startTime":1549092699082,"endTime":1549092708726,"childRecords":[{"testStatus":{"stackTrace":"","statusValue":"PASSED"},"type":"MESSAGE","name":"","message":"Navigate to \u0027http://automationpractice.com/index.php\u0027 successfully","startTime":1549092708725,"endTime":0,"childRecords":[],"interuppted":false}],"interuppted":false},{"index":3,"isIgnoredIfFailed":false,"type":"TEST_STEP","name":"click","message":"Object: \u0027Object Repository/Page_My Store/a_Sign in\u0027 is clicked on","description":"","startTime":1549092708727,"endTime":1549092712358,"childRecords":[{"testStatus":{"stackTrace":"","statusValue":"PASSED"},"type":"MESSAGE","name":"","message":"Object: \u0027Object Repository/Page_My Store/a_Sign in\u0027 is clicked on","startTime":1549092712356,"endTime":0,"childRecords":[],"interuppted":false}],"interuppted":false},{"index":4,"isIgnoredIfFailed":false,"type":"TEST_STEP","name":"setText","message":"Text \u0027anggahermi@gmail.com\u0027 is set on object \u0027Object Repository/Page_Login - My Store/input_email\u0027","description":"","startTime":1549092712359,"endTime":1549092713090,"childRecords":[{"testStatus":{"stackTrace":"","statusValue":"PASSED"},"type":"MESSAGE","name":"","message":"Text \u0027anggahermi@gmail.com\u0027 is set on object \u0027Object Repository/Page_Login - My Store/input_email\u0027","startTime":1549092713089,"endTime":0,"childRecords":[],"interuppted":false}],"interuppted":false},{"index":5,"isIgnoredIfFailed":false,"type":"TEST_STEP","name":"setEncryptedText","message":"Text ****** has been set on object \u0027Object Repository/Page_Login - My Store/input_passwd\u0027","description":"","startTime":1549092713091,"endTime":1549092713839,"childRecords":[{"testStatus":{"stackTrace":"","statusValue":"PASSED"},"type":"MESSAGE","name":"","message":"Text ****** has been set on object \u0027Object Repository/Page_Login - My Store/input_passwd\u0027","startTime":1549092713838,"endTime":0,"childRecords":[],"interuppted":false}],"interuppted":false},{"index":6,"isIgnoredIfFailed":false,"type":"TEST_STEP","name":"click","message":"Object: \u0027Object Repository/Page_Login - My Store/span_Sign in\u0027 is clicked on","description":"","startTime":1549092713839,"endTime":1549092716020,"childRecords":[{"testStatus":{"stackTrace":"","statusValue":"PASSED"},"type":"MESSAGE","name":"","message":"Object: \u0027Object Repository/Page_Login - My Store/span_Sign in\u0027 is clicked on","startTime":1549092716019,"endTime":0,"childRecords":[],"interuppted":false}],"interuppted":false},{"index":7,"isIgnoredIfFailed":false,"type":"TEST_STEP","name":"click","message":"Object: \u0027Object Repository/Page_My account - My Store/a_Sign out\u0027 is clicked on","description":"","startTime":1549092716021,"endTime":1549092718853,"childRecords":[{"testStatus":{"stackTrace":"","statusValue":"PASSED"},"type":"MESSAGE","name":"","message":"Object: \u0027Object Repository/Page_My account - My Store/a_Sign out\u0027 is clicked on","startTime":1549092718852,"endTime":0,"childRecords":[],"interuppted":false}],"interuppted":false},{"testStatus":{"stackTrace":"","statusValue":"PASSED"},"type":"MESSAGE","name":"","message":"Test Cases/Login","startTime":1549092718854,"endTime":0,"childRecords":[],"interuppted":false}],"interuppted":false},{"isOptional":false,"type":"TEST_CASE","name":"Test Cases/Browse","id":"Test Cases/Browse","source":"C:\\\\Users\\\\DELLINSPIRON\\\\Katalon Studio\\\\automationweb\\\\Test Cases\\\\Browse.tc","message":"Test Cases/Browse FAILED because (of) Variable \u0027Keys\u0027 is not defined for test case.","description":"","startTime":1549092718862,"endTime":1549092719902,"childRecords":[{"testStatus":{"stackTrace":"","statusValue":"INFO"},"type":"MESSAGE","name":"","message":"Evaluating variables for test case","startTime":1549092718887,"endTime":0,"childRecords":[],"interuppted":false},{"index":1,"isIgnoredIfFailed":false,"type":"TEST_STEP","name":"setText","message":"Text \u0027shirt\u0027 is set on object \u0027Object Repository/browse/Page_My account - My Store/input_search_query\u0027","description":"","startTime":1549092719412,"endTime":1549092719881,"childRecords":[{"testStatus":{"stackTrace":"","statusValue":"PASSED"},"type":"MESSAGE","name":"","message":"Text \u0027shirt\u0027 is set on object \u0027Object Repository/browse/Page_My account - My Store/input_search_query\u0027","startTime":1549092719880,"endTime":0,"childRecords":[],"interuppted":false}],"interuppted":false},{"index":2,"isIgnoredIfFailed":false,"type":"TEST_STEP","name":"sendKeys","message":"Finding Test Object with id \u0027Object Repository/browse/Page_My account - My Store/input_search_query\u0027","description":"","startTime":1549092719882,"endTime":1549092719895,"childRecords":[],"interuppted":false},{"testStatus":{"stackTrace":"","statusValue":"ERROR"},"type":"MESSAGE","name":"","message":"Test Cases/Browse FAILED because (of) Variable \u0027Keys\u0027 is not defined for test case.","startTime":1549092719897,"endTime":0,"childRecords":[],"interuppted":false}],"interuppted":false}],"interuppted":false}